# JRE version: Java(TM) SE Runtime Environment (8.0_121-b13) (build 1.8.0_121-b13)
# Java VM: Java HotSpot(TM) 64-Bit Server VM (25.121-b13 mixed mode linux-amd64 compressed oops)
Heap:
 PSYoungGen      total 402944K, used 0K [0x00000000e0000000, 0x00000000ff600000, 0x0000000100000000)
  eden space 304640K, 0% used [0x00000000e0000000,0x00000000e0000000,0x00000000f2980000)
  from space 98304K, 0% used [0x00000000f2980000,0x00000000f2980000,0x00000000f8980000)
  to   space 95744K, 0% used [0x00000000f9880000,0x00000000f9880000,0x00000000ff600000)
 ParOldGen       total 623104K, used 454820K [0x00000000a0000000, 0x00000000c6080000, 0x00000000e0000000)
  object space 623104K, 72% used [0x00000000a0000000,0x00000000bbc29028,0x00000000c6080000)
 Metaspace       used 102455K, capacity 108474K, committed 110936K, reserved 1146880K
  class space    used 12915K, capacity 13796K, committed 14464K, reserved 1048576K
GC Heap History (10 events):
Event: 6805.023 GC heap after
Heap after GC invocations=195 (full 26):
 PSYoungGen      total 380928K, used 49920K [0x00000000e0000000, 0x00000000fec00000, 0x0000000100000000)
  eden space 259072K, 0% used [0x00000000e0000000,0x00000000e0000000,0x00000000efd00000)
  from space 121856K, 40% used [0x00000000efd00000,0x00000000f2dc0000,0x00000000f7400000)
  to   space 115712K, 0% used [0x00000000f7b00000,0x00000000f7b00000,0x00000000fec00000)
 ParOldGen       total 623104K, used 336306K [0x00000000a0000000, 0x00000000c6080000, 0x00000000e0000000)
  object space 623104K, 53% used [0x00000000a0000000,0x00000000b486ca60,0x00000000c6080000)
 Metaspace       used 102453K, capacity 108474K, committed 110936K, reserved 1146880K
  class space    used 12914K, capacity 13796K, committed 14464K, reserved 1048576K
}
Event: 6805.629 GC heap before
{Heap before GC invocations=196 (full 26):
 PSYoungGen      total 380928K, used 308992K [0x00000000e0000000, 0x00000000fec00000, 0x0000000100000000)
  eden space 259072K, 100% used [0x00000000e0000000,0x00000000efd00000,0x00000000efd00000)
  from space 121856K, 40% used [0x00000000efd00000,0x00000000f2dc0000,0x00000000f7400000)
  to   space 115712K, 0% used [0x00000000f7b00000,0x00000000f7b00000,0x00000000fec00000)
 ParOldGen       total 623104K, used 336306K [0x00000000a0000000, 0x00000000c6080000, 0x00000000e0000000)
  object space 623104K, 53% used [0x00000000a0000000,0x00000000b486ca60,0x00000000c6080000)
 Metaspace       used 102453K, capacity 108474K, committed 110936K, reserved 1146880K
  class space    used 12914K, capacity 13796K, committed 14464K, reserved 1048576K
Event: 6805.726 GC heap after
Heap after GC invocations=196 (full 26):
 PSYoungGen      total 394752K, used 45632K [0x00000000e0000000, 0x00000000fed00000, 0x0000000100000000)
  eden space 279040K, 0% used [0x00000000e0000000,0x00000000e0000000,0x00000000f1080000)
  from space 115712K, 39% used [0x00000000f7b00000,0x00000000fa790020,0x00000000fec00000)
  to   space 109056K, 0% used [0x00000000f1080000,0x00000000f1080000,0x00000000f7b00000)
 ParOldGen       total 623104K, used 385738K [0x00000000a0000000, 0x00000000c6080000, 0x00000000e0000000)
  object space 623104K, 61% used [0x00000000a0000000,0x00000000b78b2a60,0x00000000c6080000)
 Metaspace       used 102453K, capacity 108474K, committed 110936K, reserved 1146880K
  class space    used 12914K, capacity 13796K, committed 14464K, reserved 1048576K
}
Event: 6806.291 GC heap before
{Heap before GC invocations=197 (full 26):
 PSYoungGen      total 394752K, used 324672K [0x00000000e0000000, 0x00000000fed00000, 0x0000000100000000)
  eden space 279040K, 100% used [0x00000000e0000000,0x00000000f1080000,0x00000000f1080000)
  from space 115712K, 39% used [0x00000000f7b00000,0x00000000fa790020,0x00000000fec00000)
  to   space 109056K, 0% used [0x00000000f1080000,0x00000000f1080000,0x00000000f7b00000)
 ParOldGen       total 623104K, used 385738K [0x00000000a0000000, 0x00000000c6080000, 0x00000000e0000000)
  object space 623104K, 61% used [0x00000000a0000000,0x00000000b78b2a60,0x00000000c6080000)
 Metaspace       used 102453K, capacity 108474K, committed 110936K, reserved 1146880K
  class space    used 12914K, capacity 13796K, committed 14464K, reserved 1048576K
Event: 6806.412 GC heap after
Heap after GC invocations=197 (full 26):
 PSYoungGen      total 388096K, used 48064K [0x00000000e0000000, 0x00000000fee80000, 0x0000000100000000)
  eden space 279040K, 0% used [0x00000000e0000000,0x00000000e0000000,0x00000000f1080000)
  from space 109056K, 44% used [0x00000000f1080000,0x00000000f3f70000,0x00000000f7b00000)
  to   space 103424K, 0% used [0x00000000f8980000,0x00000000f8980000,0x00000000fee80000)
 ParOldGen       total 623104K, used 430426K [0x00000000a0000000, 0x00000000c6080000, 0x00000000e0000000)
  object space 623104K, 69% used [0x00000000a0000000,0x00000000ba456a80,0x00000000c6080000)
 Metaspace       used 102453K, capacity 108474K, committed 110936K, reserved 1146880K
  class space    used 12914K, capacity 13796K, committed 14464K, reserved 1048576K
}
Event: 6806.796 GC heap before
{Heap before GC invocations=198 (full 26):
 PSYoungGen      total 388096K, used 327104K [0x00000000e0000000, 0x00000000fee80000, 0x0000000100000000)
  eden space 279040K, 100% used [0x00000000e0000000,0x00000000f1080000,0x00000000f1080000)
  from space 109056K, 44% used [0x00000000f1080000,0x00000000f3f70000,0x00000000f7b00000)
  to   space 103424K, 0% used [0x00000000f8980000,0x00000000f8980000,0x00000000fee80000)
 ParOldGen       total 623104K, used 430426K [0x00000000a0000000, 0x00000000c6080000, 0x00000000e0000000)
  object space 623104K, 69% used [0x00000000a0000000,0x00000000ba456a80,0x00000000c6080000)
 Metaspace       used 102455K, capacity 108474K, committed 110936K, reserved 1146880K
  class space    used 12915K, capacity 13796K, committed 14464K, reserved 1048576K
Event: 6806.932 GC heap after
Heap after GC invocations=198 (full 26):
 PSYoungGen      total 408064K, used 50016K [0x00000000e0000000, 0x00000000ff080000, 0x0000000100000000)
  eden space 304640K, 0% used [0x00000000e0000000,0x00000000e0000000,0x00000000f2980000)
  from space 103424K, 48% used [0x00000000f8980000,0x00000000fba58000,0x00000000fee80000)
  to   space 98304K, 0% used [0x00000000f2980000,0x00000000f2980000,0x00000000f8980000)
 ParOldGen       total 623104K, used 478562K [0x00000000a0000000, 0x00000000c6080000, 0x00000000e0000000)
  object space 623104K, 76% used [0x00000000a0000000,0x00000000bd358a80,0x00000000c6080000)
 Metaspace       used 102455K, capacity 108474K, committed 110936K, reserved 1146880K
  class space    used 12915K, capacity 13796K, committed 14464K, reserved 1048576K
}
Event: 6807.325 GC heap before
{Heap before GC invocations=199 (full 26):
 PSYoungGen      total 408064K, used 354656K [0x00000000e0000000, 0x00000000ff080000, 0x0000000100000000)
  eden space 304640K, 100% used [0x00000000e0000000,0x00000000f2980000,0x00000000f2980000)
  from space 103424K, 48% used [0x00000000f8980000,0x00000000fba58000,0x00000000fee80000)
  to   space 98304K, 0% used [0x00000000f2980000,0x00000000f2980000,0x00000000f8980000)
 ParOldGen       total 623104K, used 478562K [0x00000000a0000000, 0x00000000c6080000, 0x00000000e0000000)
  object space 623104K, 76% used [0x00000000a0000000,0x00000000bd358a80,0x00000000c6080000)
 Metaspace       used 102455K, capacity 108474K, committed 110936K, reserved 1146880K
  class space    used 12915K, capacity 13796K, committed 14464K, reserved 1048576K
Event: 6807.471 GC heap after
Heap after GC invocations=199 (full 26):
 PSYoungGen      total 402944K, used 53728K [0x00000000e0000000, 0x00000000ff600000, 0x0000000100000000)
  eden space 304640K, 0% used [0x00000000e0000000,0x00000000e0000000,0x00000000f2980000)
  from space 98304K, 54% used [0x00000000f2980000,0x00000000f5df8000,0x00000000f8980000)
  to   space 95744K, 0% used [0x00000000f9880000,0x00000000f9880000,0x00000000ff600000)
 ParOldGen       total 623104K, used 528642K [0x00000000a0000000, 0x00000000c6080000, 0x00000000e0000000)
  object space 623104K, 84% used [0x00000000a0000000,0x00000000c0440a80,0x00000000c6080000)
 Metaspace       used 102455K, capacity 108474K, committed 110936K, reserved 1146880K
  class space    used 12915K, capacity 13796K, committed 14464K, reserved 1048576K
}
Event: 6807.471 GC heap before
{Heap before GC invocations=200 (full 27):
 PSYoungGen      total 402944K, used 53728K [0x00000000e0000000, 0x00000000ff600000, 0x0000000100000000)
  eden space 304640K, 0% used [0x00000000e0000000,0x00000000e0000000,0x00000000f2980000)
  from space 98304K, 54% used [0x00000000f2980000,0x00000000f5df8000,0x00000000f8980000)
  to   space 95744K, 0% used [0x00000000f9880000,0x00000000f9880000,0x00000000ff600000)
 ParOldGen       total 623104K, used 528642K [0x00000000a0000000, 0x00000000c6080000, 0x00000000e0000000)
  object space 623104K, 84% used [0x00000000a0000000,0x00000000c0440a80,0x00000000c6080000)
 Metaspace       used 102455K, capacity 108474K, committed 110936K, reserved 1146880K
  class space    used 12915K, capacity 13796K, committed 14464K, reserved 1048576K

